This is pdfTeX, Version 3.14159265-2.6-1.40.15 (TeX Live 2014) (preloaded format=latex 2015.6.11)  26 DEC 2018 16:01
entering extended mode
 restricted \write18 enabled.
 file:line:error style messages enabled.
 %&-line parsing enabled.
**chapter02.tex
(./chapter02.tex
LaTeX2e <2014/05/01>
Babel <3.9k> and hyphenation patterns for 78 languages loaded.
(/usr/local/texlive/2014/texmf-dist/tex/latex/base/article.cls
Document Class: article 2007/10/19 v1.4h Standard LaTeX document class
(/usr/local/texlive/2014/texmf-dist/tex/latex/base/size10.clo
File: size10.clo 2007/10/19 v1.4h Standard LaTeX file (size option)
)
\c@part=\count79
\c@section=\count80
\c@subsection=\count81
\c@subsubsection=\count82
\c@paragraph=\count83
\c@subparagraph=\count84
\c@figure=\count85
\c@table=\count86
\abovecaptionskip=\skip41
\belowcaptionskip=\skip42
\bibindent=\dimen102
)
(/usr/local/texlive/2014/texmf-dist/tex/latex/base/fleqn.sty

LaTeX Warning: inputting `fleqn.clo' instead of obsolete `fleqn.sty'.

(/usr/local/texlive/2014/texmf-dist/tex/latex/base/fleqn.clo
File: fleqn.clo 1998/08/17 v1.1c Standard LaTeX option (flush left equations)
\mathindent=\dimen103
))
(/usr/local/texlive/2014/texmf-dist/tex/generic/epsf/epsf.sty
This is `epsf.tex' v2.7.4 <14 February 2011>
\epsffilein=\read1
\epsfframemargin=\dimen104
\epsfframethickness=\dimen105
\epsfrsize=\dimen106
\epsftmp=\dimen107
\epsftsize=\dimen108
\epsfxsize=\dimen109
\epsfysize=\dimen110
\pspoints=\dimen111
) (/usr/local/texlive/2014/texmf-dist/tex/latex/graphics/color.sty
Package: color 2014/04/23 v1.1a Standard LaTeX Color (DPC)

(/usr/local/texlive/2014/texmf-dist/tex/latex/latexconfig/color.cfg
File: color.cfg 2007/01/18 v1.5 color configuration of teTeX/TeXLive
)
Package color Info: Driver file: dvips.def on input line 137.

(/usr/local/texlive/2014/texmf-dist/tex/latex/graphics/dvips.def
File: dvips.def 2014/04/23 v3.0j Driver-dependant file (DPC,SPQR)
)
(/usr/local/texlive/2014/texmf-dist/tex/latex/graphics/dvipsnam.def
File: dvipsnam.def 2014/04/23 v3.0j Driver-dependant file (DPC,SPQR)
))
(./aima2e-slides.sty
Package color Info: Redefining color red on input line 5.
Package color Info: Redefining color cyan on input line 12.
\headingwidth=\skip43
\backdrop=\skip44
\backheight=\skip45
\backwidth=\skip46
\xborder=\skip47
\yborder=\skip48
\headtotal=\skip49
\codewidth=\skip50
\boxwidth=\skip51
\boxheight=\skip52
\skipwidth=\skip53
\roomheight=\skip54
\charheight=\skip55
\marginlineskip=\skip56
\marginwidth=\skip57
\textplusmarginwidth=\skip58
\maxfigwidth=\skip59
\tablewidth=\skip60
\captionskip=\skip61
\tcaptionskip=\skip62
) (./chapter02.aux)
\openout1 = `chapter02.aux'.

LaTeX Font Info:    Checking defaults for OML/cmm/m/it on input line 7.
LaTeX Font Info:    ... okay on input line 7.
LaTeX Font Info:    Checking defaults for T1/cmr/m/n on input line 7.
LaTeX Font Info:    ... okay on input line 7.
LaTeX Font Info:    Checking defaults for OT1/cmr/m/n on input line 7.
LaTeX Font Info:    ... okay on input line 7.
LaTeX Font Info:    Checking defaults for OMS/cmsy/m/n on input line 7.
LaTeX Font Info:    ... okay on input line 7.
LaTeX Font Info:    Checking defaults for OMX/cmex/m/n on input line 7.
LaTeX Font Info:    ... okay on input line 7.
LaTeX Font Info:    Checking defaults for U/cmr/m/n on input line 7.
LaTeX Font Info:    ... okay on input line 7.
 [1

]

LaTeX Font Warning: Font shape `OT1/cmss/m/it' in size <20.74> not available
(Font)              Font shape `OT1/cmss/m/sl' tried instead on input line 21.

[2]
LaTeX Font Info:    External font `cmex10' loaded for size
(Font)              <20.74> on input line 31.
LaTeX Font Info:    External font `cmex10' loaded for size
(Font)              <14.4> on input line 31.
LaTeX Font Info:    External font `cmex10' loaded for size
(Font)              <12> on input line 31.
 [3]
(figures/agent-environment.ps
)
[4]
(figures/vacuum2-environment.ps
)
[5] (./tables/vacuum-agent-function-table.tex)
(./algorithms/reflex-vacuum-agent-algorithm.tex
LaTeX Font Info:    External font `cmex10' loaded for size
(Font)              <17.28> on input line 7.
)
Overfull \hbox (3.61108pt too wide) in paragraph at lines 1--75
 [] 
 []

[6] [7] [8] [9] [10] [11] [12] [13] [14] [15] [16] [17] [18] [19]
(figures/simple-reflex-agent.ps
)
[20] (./algorithms/reflex-vacuum-agent-algorithm.tex)
Overfull \hbox (3.61108pt too wide) in paragraph at lines 1--317
 [] 
 []


Overfull \hbox (100.75948pt too wide) in paragraph at lines 330--330
[]                      \OT1/cmtt/m/n/20.74 :program (make-reflex-vacuum-agent-
program)))[] 
 []


Overfull \hbox (79.41457pt too wide) in paragraph at lines 330--330
[]      \OT1/cmtt/m/n/20.74 (let ((location (first percept)) (status (second pe
rcept)))[] 
 []

[21]
(figures/reflex+state-agent.ps
)
[22] (./algorithms/reflex-vacuum-agent-with-state-algorithm.tex)
Overfull \hbox (3.61108pt too wide) in paragraph at lines 1--347
 [] 
 []


Overfull \hbox (79.41457pt too wide) in paragraph at lines 362--362
[]      \OT1/cmtt/m/n/20.74 (let ((location (first percept)) (status (second pe
rcept)))[] 
 []


Overfull \hbox (58.06966pt too wide) in paragraph at lines 362--362
[]          \OT1/cmtt/m/n/20.74 (if (eq location 'A) (setq last-A 0) (setq last
-B 0))[] 
 []


Overfull \hbox (4.70738pt too wide) in paragraph at lines 362--362
[]         \OT1/cmtt/m/n/20.74 ((eq location 'A) (if (> last-B 3) 'Right 'NoOp)
)[] 
 []


Overfull \hbox (47.3972pt too wide) in paragraph at lines 362--362
[]         \OT1/cmtt/m/n/20.74 ((eq location 'B) (if (> last-A 3) 'Left 'NoOp))
)))))[] 
 []

[23]
(figures/goal-based-agent.ps
)
[24]
(figures/utility-based-agent.ps
)
[25]
(figures/learning-agent.ps
)
[26] [27] (./chapter02.aux) ) 
Here is how much of TeX's memory you used:
 885 strings out of 493118
 10586 string characters out of 6135459
 62995 words of memory out of 5000000
 4377 multiletter control sequences out of 15000+600000
 11870 words of font info for 41 fonts, out of 8000000 for 9000
 1141 hyphenation exceptions out of 8191
 25i,9n,27p,189b,253s stack positions out of 5000i,500n,10000p,200000b,80000s

Output written on chapter02.dvi (27 pages, 30684 bytes).
